Start Prologue v4.0-ad-2017.03.14 Wed Aug 30 12:57:48 UTC 2017 on Mother Superior(head node): t0740
Node Access Status = SINGLEJOB
Job 26683509.bqs3 started for user Donald.E.Lippi in queue debug
======= Running Sanity Checks =======
----------------
t0740
----------------
PASS!
=======  Ended Sanity Checks  =======
End Prologue v4.0-ad-2017.03.14 Wed Aug 30 12:58:00 UTC 2017 
_______________________________________________________________

Welcome to Theia
  This system is Cray CS400 Linux Cluster

Update History:

  Version: v4.0-ad-2017.03.14
    -- Included other informational messages to
       better identify anomalies and provide
       additional troubleshooting info.

  Version: v3.5-ad-2017.02.23
    -- Modified prologue for RHEL7 cmem clearing

  Version: v3.3-ad-2016.04.08
    -- Added cach clearing before streams check
       to eliminate potential false positives

type:
  module avail
  for various Available Modules

_______________________________________________________
Warning: no access to tty (Bad file descriptor).
Thus no job control in this shell.
Traceback (most recent call last):
  File "/var/spool/torque/mom_priv/jobs/26683509.bqs3.SC", line 617, in <module>
    mkplot()
TypeError: mkplot() takes exactly 1 argument (0 given)
_______________________________________________________________
Start Epilogue v4.0-ad-2017.03.14 Wed Aug 30 12:58:09 UTC 2017 
=====================================
Peak memory usage summary:
  min =     215772  KB
  ave =     215772  KB
  max =     215772  KB

All nodes sorted by nodelist order: (memory usage in KB)
          % of      user        user          user         total       total
Node      limit     max         limit        current      current      phys
t0740      0.3      215772     63578112        79900      1168584     65856652 
=====================================
Job 26683509.bqs3 finished for user Donald.E.Lippi in queue debug with exit code 1
Node Access Status = SINGLEJOB
No OOM errors or BUG(s) found.  All nodes OK.
Statistics  cput=00:00:01,energy_used=0,mem=0kb,vmem=0kb,walltime=00:00:04
End Epilogue v4.0-ad-2017.03.14 Wed Aug 30 12:58:12 UTC 2017
_______________________________________________________________
Start Prologue v4.0-ad-2017.03.14 Wed Aug 30 13:06:24 UTC 2017 on Mother Superior(head node): t0168
Node Access Status = SINGLEJOB
Job 26683750.bqs3 started for user Donald.E.Lippi in queue debug
======= Running Sanity Checks =======
----------------
t0168
----------------
PASS!
=======  Ended Sanity Checks  =======
End Prologue v4.0-ad-2017.03.14 Wed Aug 30 13:06:32 UTC 2017 
_______________________________________________________________

Welcome to Theia
  This system is Cray CS400 Linux Cluster

Update History:

  Version: v4.0-ad-2017.03.14
    -- Included other informational messages to
       better identify anomalies and provide
       additional troubleshooting info.

  Version: v3.5-ad-2017.02.23
    -- Modified prologue for RHEL7 cmem clearing

  Version: v3.3-ad-2016.04.08
    -- Added cach clearing before streams check
       to eliminate potential false positives

type:
  module avail
  for various Available Modules

_______________________________________________________
Warning: no access to tty (Bad file descriptor).
Thus no job control in this shell.
  File "/var/spool/torque/mom_priv/jobs/26683750.bqs3.SC", line 191
    plt.close('all')
                   ^
IndentationError: unindent does not match any outer indentation level
_______________________________________________________________
Start Epilogue v4.0-ad-2017.03.14 Wed Aug 30 13:06:43 UTC 2017 
=====================================
Peak memory usage summary:
  min =     156244  KB
  ave =     156244  KB
  max =     156244  KB

All nodes sorted by nodelist order: (memory usage in KB)
          % of      user        user          user         total       total
Node      limit     max         limit        current      current      phys
t0168      0.2      156244     63578112        78440      1208244     65856652 
=====================================
Job 26683750.bqs3 finished for user Donald.E.Lippi in queue debug with exit code 1
Node Access Status = SINGLEJOB
No OOM errors or BUG(s) found.  All nodes OK.
Statistics  cput=00:00:01,energy_used=0,mem=0kb,vmem=0kb,walltime=00:00:02
End Epilogue v4.0-ad-2017.03.14 Wed Aug 30 13:06:46 UTC 2017
_______________________________________________________________
Start Prologue v4.0-ad-2017.03.14 Wed Aug 30 13:08:00 UTC 2017 on Mother Superior(head node): t0457
Node Access Status = SINGLEJOB
Job 26683756.bqs3 started for user Donald.E.Lippi in queue debug
======= Running Sanity Checks =======
----------------
t0457
----------------
PASS!
=======  Ended Sanity Checks  =======
End Prologue v4.0-ad-2017.03.14 Wed Aug 30 13:08:08 UTC 2017 
_______________________________________________________________

Welcome to Theia
  This system is Cray CS400 Linux Cluster

Update History:

  Version: v4.0-ad-2017.03.14
    -- Included other informational messages to
       better identify anomalies and provide
       additional troubleshooting info.

  Version: v3.5-ad-2017.02.23
    -- Modified prologue for RHEL7 cmem clearing

  Version: v3.3-ad-2016.04.08
    -- Added cach clearing before streams check
       to eliminate potential false positives

type:
  module avail
  for various Available Modules

_______________________________________________________
Warning: no access to tty (Bad file descriptor).
Thus no job control in this shell.
Traceback (most recent call last):
  File "/var/spool/torque/mom_priv/jobs/26683756.bqs3.SC", line 96, in <module>
    dispatcher=plot_Dictionary()
NameError: name 'plot_Dictionary' is not defined
_______________________________________________________________
Start Epilogue v4.0-ad-2017.03.14 Wed Aug 30 13:08:21 UTC 2017 
=====================================
Peak memory usage summary:
  min =     216052  KB
  ave =     216052  KB
  max =     216052  KB

All nodes sorted by nodelist order: (memory usage in KB)
          % of      user        user          user         total       total
Node      limit     max         limit        current      current      phys
t0457      0.3      216052     63578112        77984      1202264     65856652 
=====================================
Job 26683756.bqs3 finished for user Donald.E.Lippi in queue debug with exit code 1
Node Access Status = SINGLEJOB
No OOM errors or BUG(s) found.  All nodes OK.
Statistics  cput=00:00:01,energy_used=0,mem=0kb,vmem=0kb,walltime=00:00:04
End Epilogue v4.0-ad-2017.03.14 Wed Aug 30 13:08:24 UTC 2017
_______________________________________________________________
Start Prologue v4.0-ad-2017.03.14 Wed Aug 30 13:21:51 UTC 2017 on Mother Superior(head node): t0992
Node Access Status = SINGLEJOB
Job 26683950.bqs3 started for user Donald.E.Lippi in queue debug
======= Running Sanity Checks =======
----------------
t0992
----------------
PASS!
=======  Ended Sanity Checks  =======
End Prologue v4.0-ad-2017.03.14 Wed Aug 30 13:21:59 UTC 2017 
_______________________________________________________________

Welcome to Theia
  This system is Cray CS400 Linux Cluster

Update History:

  Version: v4.0-ad-2017.03.14
    -- Included other informational messages to
       better identify anomalies and provide
       additional troubleshooting info.

  Version: v3.5-ad-2017.02.23
    -- Modified prologue for RHEL7 cmem clearing

  Version: v3.3-ad-2016.04.08
    -- Added cach clearing before streams check
       to eliminate potential false positives

type:
  module avail
  for various Available Modules

_______________________________________________________
Warning: no access to tty (Bad file descriptor).
Thus no job control in this shell.
Traceback (most recent call last):
  File "/var/spool/torque/mom_priv/jobs/26683950.bqs3.SC", line 481, in <module>
    print('Reading {:s}'.format(nesteddata2d))
NameError: name 'nesteddata2d' is not defined
_______________________________________________________________
Start Epilogue v4.0-ad-2017.03.14 Wed Aug 30 13:22:13 UTC 2017 
=====================================
Peak memory usage summary:
  min =     216884  KB
  ave =     216884  KB
  max =     216884  KB

All nodes sorted by nodelist order: (memory usage in KB)
          % of      user        user          user         total       total
Node      limit     max         limit        current      current      phys
t0992      0.3      216884     63578112        79184      1284820     65856692 
=====================================
Job 26683950.bqs3 finished for user Donald.E.Lippi in queue debug with exit code 1
Node Access Status = SINGLEJOB
No OOM errors or BUG(s) found.  All nodes OK.
Statistics  cput=00:00:01,energy_used=0,mem=55640kb,vmem=543212kb,walltime=00:00:05
End Epilogue v4.0-ad-2017.03.14 Wed Aug 30 13:22:16 UTC 2017
_______________________________________________________________
Start Prologue v4.0-ad-2017.03.14 Wed Aug 30 13:25:43 UTC 2017 on Mother Superior(head node): t0617
Node Access Status = SINGLEJOB
Job 26683999.bqs3 started for user Donald.E.Lippi in queue debug
======= Running Sanity Checks =======
----------------
t0617
----------------
PASS!
=======  Ended Sanity Checks  =======
End Prologue v4.0-ad-2017.03.14 Wed Aug 30 13:25:51 UTC 2017 
_______________________________________________________________

Welcome to Theia
  This system is Cray CS400 Linux Cluster

Update History:

  Version: v4.0-ad-2017.03.14
    -- Included other informational messages to
       better identify anomalies and provide
       additional troubleshooting info.

  Version: v3.5-ad-2017.02.23
    -- Modified prologue for RHEL7 cmem clearing

  Version: v3.3-ad-2016.04.08
    -- Added cach clearing before streams check
       to eliminate potential false positives

type:
  module avail
  for various Available Modules

_______________________________________________________
Warning: no access to tty (Bad file descriptor).
Thus no job control in this shell.
Reading /scratch4/NCEPDEV/meso/save/Donald.E.Lippi/data/nggps2d.nest02.nc
Reading /scratch4/NCEPDEV/meso/save/Donald.E.Lippi/data/grid_spec.nest02.nc
Traceback (most recent call last):
  File "/var/spool/torque/mom_priv/jobs/26683999.bqs3.SC", line 613, in <module>
    pool.map(mkplot,varnames)
  File "/contrib/anaconda/2.3.0/lib/python2.7/multiprocessing/pool.py", line 251, in map
    return self.map_async(func, iterable, chunksize).get()
  File "/contrib/anaconda/2.3.0/lib/python2.7/multiprocessing/pool.py", line 567, in get
    raise self._value
NameError: global name 'varname' is not defined
_______________________________________________________________
Start Epilogue v4.0-ad-2017.03.14 Wed Aug 30 13:26:08 UTC 2017 
=====================================
Peak memory usage summary:
  min =     302480  KB
  ave =     302480  KB
  max =     302480  KB

All nodes sorted by nodelist order: (memory usage in KB)
          % of      user        user          user         total       total
Node      limit     max         limit        current      current      phys
t0617      0.5      302480     63578112        80020      1267552     65856652 
=====================================
Job 26683999.bqs3 finished for user Donald.E.Lippi in queue debug with exit code 1
Node Access Status = SINGLEJOB
No OOM errors or BUG(s) found.  All nodes OK.
Statistics  cput=00:00:04,energy_used=0,mem=0kb,vmem=0kb,walltime=00:00:08
End Epilogue v4.0-ad-2017.03.14 Wed Aug 30 13:26:11 UTC 2017
_______________________________________________________________
Start Prologue v4.0-ad-2017.03.14 Wed Aug 30 13:29:00 UTC 2017 on Mother Superior(head node): t1194
Node Access Status = SINGLEJOB
Job 26684066.bqs3 started for user Donald.E.Lippi in queue debug
======= Running Sanity Checks =======
----------------
t1194
----------------
PASS!
=======  Ended Sanity Checks  =======
End Prologue v4.0-ad-2017.03.14 Wed Aug 30 13:29:08 UTC 2017 
_______________________________________________________________

Welcome to Theia
  This system is Cray CS400 Linux Cluster

Update History:

  Version: v4.0-ad-2017.03.14
    -- Included other informational messages to
       better identify anomalies and provide
       additional troubleshooting info.

  Version: v3.5-ad-2017.02.23
    -- Modified prologue for RHEL7 cmem clearing

  Version: v3.3-ad-2016.04.08
    -- Added cach clearing before streams check
       to eliminate potential false positives

type:
  module avail
  for various Available Modules

_______________________________________________________
Warning: no access to tty (Bad file descriptor).
Thus no job control in this shell.
Lmod has detected the following error: Cannot load module "anaconda/2.3.0". At
least one of these module(s) must be loaded:
   intel

While processing the following module(s):
    Module fullname  Module Filename
    ---------------  ---------------
    anaconda/2.3.0   /contrib/modulefiles/anaconda/2.3.0

PYTHONPATH: Undefined variable.
Traceback (most recent call last):
  File "/var/spool/torque/mom_priv/jobs/26684066.bqs3.SC", line 10, in <module>
    import sys,ncepy,os
ImportError: No module named ncepy
_______________________________________________________________
Start Epilogue v4.0-ad-2017.03.14 Wed Aug 30 13:29:18 UTC 2017 
=====================================
Peak memory usage summary:
  min =     172068  KB
  ave =     172068  KB
  max =     172068  KB

All nodes sorted by nodelist order: (memory usage in KB)
          % of      user        user          user         total       total
Node      limit     max         limit        current      current      phys
t1194      0.3      172068     63578112        79428      1218316     65856692 
=====================================
Job 26684066.bqs3 finished for user Donald.E.Lippi in queue debug with exit code 1
Node Access Status = SINGLEJOB
No OOM errors or BUG(s) found.  All nodes OK.
Statistics  cput=00:00:00,energy_used=0,mem=0kb,vmem=0kb,walltime=00:00:01
End Epilogue v4.0-ad-2017.03.14 Wed Aug 30 13:29:21 UTC 2017
_______________________________________________________________
Start Prologue v4.0-ad-2017.03.14 Wed Aug 30 13:35:06 UTC 2017 on Mother Superior(head node): t0799
Node Access Status = SINGLEJOB
Job 26684111.bqs3 started for user Donald.E.Lippi in queue debug
======= Running Sanity Checks =======
----------------
t0799
----------------
PASS!
=======  Ended Sanity Checks  =======
End Prologue v4.0-ad-2017.03.14 Wed Aug 30 13:35:13 UTC 2017 
_______________________________________________________________

Welcome to Theia
  This system is Cray CS400 Linux Cluster

Update History:

  Version: v4.0-ad-2017.03.14
    -- Included other informational messages to
       better identify anomalies and provide
       additional troubleshooting info.

  Version: v3.5-ad-2017.02.23
    -- Modified prologue for RHEL7 cmem clearing

  Version: v3.3-ad-2016.04.08
    -- Added cach clearing before streams check
       to eliminate potential false positives

type:
  module avail
  for various Available Modules

_______________________________________________________
Warning: no access to tty (Bad file descriptor).
Thus no job control in this shell.
Reading /scratch4/NCEPDEV/meso/save/Donald.E.Lippi/data/nggps2d.nest02.nc
Reading /scratch4/NCEPDEV/meso/save/Donald.E.Lippi/data/grid_spec.nest02.nc
SOILM: Plotting forecast hour 000 valid 2017080700Z
_______________________________________________________________
Start Epilogue v4.0-ad-2017.03.14 Wed Aug 30 13:35:57 UTC 2017 
=====================================
Peak memory usage summary:
  min =    3489900  KB
  ave =    3489900  KB
  max =    3489900  KB

All nodes sorted by nodelist order: (memory usage in KB)
          % of      user        user          user         total       total
Node      limit     max         limit        current      current      phys
t0799      5.5     3489900     63578112        78320      1341772     65856652 
=====================================
Job 26684111.bqs3 finished for user Donald.E.Lippi in queue debug with exit code 0
Node Access Status = SINGLEJOB
No OOM errors or BUG(s) found.  All nodes OK.
Statistics  cput=00:00:22,energy_used=0,mem=1172904kb,vmem=4539484kb,walltime=00:00:34
End Epilogue v4.0-ad-2017.03.14 Wed Aug 30 13:36:00 UTC 2017
_______________________________________________________________
Start Prologue v4.0-ad-2017.03.14 Wed Aug 30 13:43:59 UTC 2017 on Mother Superior(head node): t0920
Node Access Status = SINGLEJOB
Job 26684202.bqs3 started for user Donald.E.Lippi in queue debug
======= Running Sanity Checks =======
----------------
t0920
----------------
PASS!
=======  Ended Sanity Checks  =======
End Prologue v4.0-ad-2017.03.14 Wed Aug 30 13:44:07 UTC 2017 
_______________________________________________________________

Welcome to Theia
  This system is Cray CS400 Linux Cluster

Update History:

  Version: v4.0-ad-2017.03.14
    -- Included other informational messages to
       better identify anomalies and provide
       additional troubleshooting info.

  Version: v3.5-ad-2017.02.23
    -- Modified prologue for RHEL7 cmem clearing

  Version: v3.3-ad-2016.04.08
    -- Added cach clearing before streams check
       to eliminate potential false positives

type:
  module avail
  for various Available Modules

_______________________________________________________
Warning: no access to tty (Bad file descriptor).
Thus no job control in this shell.
_______________________________________________________________
Start Epilogue v4.0-ad-2017.03.14 Wed Aug 30 13:44:09 UTC 2017 
=====================================
Peak memory usage summary:
  min =     154776  KB
  ave =     154776  KB
  max =     154776  KB

All nodes sorted by nodelist order: (memory usage in KB)
          % of      user        user          user         total       total
Node      limit     max         limit        current      current      phys
t0920      0.2      154776     63578112        78228      1123200     65856652 
=====================================
Job 26684202.bqs3 finished for user Donald.E.Lippi in queue debug with exit code 265
Node Access Status = SINGLEJOB
No OOM errors or BUG(s) found.  All nodes OK.
Statistics  cput=00:00:00,energy_used=0,mem=0kb,vmem=0kb,walltime=00:00:02
End Epilogue v4.0-ad-2017.03.14 Wed Aug 30 13:44:11 UTC 2017
_______________________________________________________________
Start Prologue v4.0-ad-2017.03.14 Wed Aug 30 13:44:32 UTC 2017 on Mother Superior(head node): t0455
Node Access Status = SINGLEJOB
Job 26684210.bqs3 started for user Donald.E.Lippi in queue debug
======= Running Sanity Checks =======
----------------
t0455
----------------
PASS!
=======  Ended Sanity Checks  =======
End Prologue v4.0-ad-2017.03.14 Wed Aug 30 13:44:40 UTC 2017 
_______________________________________________________________

Welcome to Theia
  This system is Cray CS400 Linux Cluster

Update History:

  Version: v4.0-ad-2017.03.14
    -- Included other informational messages to
       better identify anomalies and provide
       additional troubleshooting info.

  Version: v3.5-ad-2017.02.23
    -- Modified prologue for RHEL7 cmem clearing

  Version: v3.3-ad-2016.04.08
    -- Added cach clearing before streams check
       to eliminate potential false positives

type:
  module avail
  for various Available Modules

_______________________________________________________
Warning: no access to tty (Bad file descriptor).
Thus no job control in this shell.
['/contrib/anaconda/EXT/2.3.0/lib/python2.7/site-packages', '/scratch4/NCEPDEV/meso/save/Jacob.Carley/python/lib64/python', '/scratch4/NCEPDEV/meso/save/Jacob.Carley/python/lib64/python']
_______________________________________________________________
Start Epilogue v4.0-ad-2017.03.14 Wed Aug 30 13:44:49 UTC 2017 
=====================================
Peak memory usage summary:
  min =     157208  KB
  ave =     157208  KB
  max =     157208  KB

All nodes sorted by nodelist order: (memory usage in KB)
          % of      user        user          user         total       total
Node      limit     max         limit        current      current      phys
t0455      0.2      157208     63578112        77692      1188160     65856652 
=====================================
Job 26684210.bqs3 finished for user Donald.E.Lippi in queue debug with exit code 0
Node Access Status = SINGLEJOB
No OOM errors or BUG(s) found.  All nodes OK.
Statistics  cput=00:00:01,energy_used=0,mem=0kb,vmem=0kb,walltime=00:00:02
End Epilogue v4.0-ad-2017.03.14 Wed Aug 30 13:44:52 UTC 2017
_______________________________________________________________
Start Prologue v4.0-ad-2017.03.14 Wed Aug 30 13:45:39 UTC 2017 on Mother Superior(head node): t0455
Node Access Status = SINGLEJOB
Job 26684221.bqs3 started for user Donald.E.Lippi in queue debug
======= Running Sanity Checks =======
----------------
t0455
----------------
PASS!
=======  Ended Sanity Checks  =======
End Prologue v4.0-ad-2017.03.14 Wed Aug 30 13:45:47 UTC 2017 
_______________________________________________________________

Welcome to Theia
  This system is Cray CS400 Linux Cluster

Update History:

  Version: v4.0-ad-2017.03.14
    -- Included other informational messages to
       better identify anomalies and provide
       additional troubleshooting info.

  Version: v3.5-ad-2017.02.23
    -- Modified prologue for RHEL7 cmem clearing

  Version: v3.3-ad-2016.04.08
    -- Added cach clearing before streams check
       to eliminate potential false positives

type:
  module avail
  for various Available Modules

_______________________________________________________
Warning: no access to tty (Bad file descriptor).
Thus no job control in this shell.
Reading /scratch4/NCEPDEV/meso/save/Donald.E.Lippi/data/nggps2d.nest02.nc
Reading /scratch4/NCEPDEV/meso/save/Donald.E.Lippi/data/grid_spec.nest02.nc
DSWRFsfc: Plotting forecast hour 000 valid 2017080700Z
_______________________________________________________________
Start Epilogue v4.0-ad-2017.03.14 Wed Aug 30 13:46:27 UTC 2017 
=====================================
Peak memory usage summary:
  min =    4185880  KB
  ave =    4185880  KB
  max =    4185880  KB

All nodes sorted by nodelist order: (memory usage in KB)
          % of      user        user          user         total       total
Node      limit     max         limit        current      current      phys
t0455      6.6     4185880     63578112        77976      1195752     65856652 
=====================================
Job 26684221.bqs3 finished for user Donald.E.Lippi in queue debug with exit code 0
Node Access Status = SINGLEJOB
No OOM errors or BUG(s) found.  All nodes OK.
Statistics  cput=00:00:22,energy_used=0,mem=1156184kb,vmem=4539148kb,walltime=00:00:31
End Epilogue v4.0-ad-2017.03.14 Wed Aug 30 13:46:29 UTC 2017
_______________________________________________________________
Start Prologue v4.0-ad-2017.03.14 Wed Aug 30 13:54:16 UTC 2017 on Mother Superior(head node): t0545
Node Access Status = SINGLEJOB
Job 26684266.bqs3 started for user Donald.E.Lippi in queue debug
======= Running Sanity Checks =======
----------------
t0545
----------------
PASS!
=======  Ended Sanity Checks  =======
End Prologue v4.0-ad-2017.03.14 Wed Aug 30 13:54:24 UTC 2017 
_______________________________________________________________

Welcome to Theia
  This system is Cray CS400 Linux Cluster

Update History:

  Version: v4.0-ad-2017.03.14
    -- Included other informational messages to
       better identify anomalies and provide
       additional troubleshooting info.

  Version: v3.5-ad-2017.02.23
    -- Modified prologue for RHEL7 cmem clearing

  Version: v3.3-ad-2016.04.08
    -- Added cach clearing before streams check
       to eliminate potential false positives

type:
  module avail
  for various Available Modules

_______________________________________________________
Warning: no access to tty (Bad file descriptor).
Thus no job control in this shell.
Reading /scratch4/NCEPDEV/meso/save/Donald.E.Lippi/data/nggps2d.nest02.nc
Reading /scratch4/NCEPDEV/meso/save/Donald.E.Lippi/data/grid_spec.nest02.nc
DSWRFsfc: Plotting forecast hour 000 valid 2017080700Z
_______________________________________________________________
Start Epilogue v4.0-ad-2017.03.14 Wed Aug 30 13:55:02 UTC 2017 
=====================================
Peak memory usage summary:
  min =    3702476  KB
  ave =    3702476  KB
  max =    3702476  KB

All nodes sorted by nodelist order: (memory usage in KB)
          % of      user        user          user         total       total
Node      limit     max         limit        current      current      phys
t0545      5.8     3702476     63578112        78784      1283924     65856652 
=====================================
Job 26684266.bqs3 finished for user Donald.E.Lippi in queue debug with exit code 0
Node Access Status = SINGLEJOB
No OOM errors or BUG(s) found.  All nodes OK.
Statistics  cput=00:00:22,energy_used=0,mem=1081292kb,vmem=4540076kb,walltime=00:00:29
End Epilogue v4.0-ad-2017.03.14 Wed Aug 30 13:55:05 UTC 2017
_______________________________________________________________
Start Prologue v4.0-ad-2017.03.14 Wed Aug 30 14:03:57 UTC 2017 on Mother Superior(head node): t0347
Node Access Status = SINGLEJOB
Job 26684310.bqs3 started for user Donald.E.Lippi in queue debug
======= Running Sanity Checks =======
----------------
t[0347-0348,0350,0357]
----------------
PASS!
=======  Ended Sanity Checks  =======
End Prologue v4.0-ad-2017.03.14 Wed Aug 30 14:04:05 UTC 2017 
_______________________________________________________________

Welcome to Theia
  This system is Cray CS400 Linux Cluster

Update History:

  Version: v4.0-ad-2017.03.14
    -- Included other informational messages to
       better identify anomalies and provide
       additional troubleshooting info.

  Version: v3.5-ad-2017.02.23
    -- Modified prologue for RHEL7 cmem clearing

  Version: v3.3-ad-2016.04.08
    -- Added cach clearing before streams check
       to eliminate potential false positives

type:
  module avail
  for various Available Modules

_______________________________________________________
Warning: no access to tty (Bad file descriptor).
Thus no job control in this shell.
Reading /scratch4/NCEPDEV/meso/save/Donald.E.Lippi/data/nggps2d.nest02.nc
Reading /scratch4/NCEPDEV/meso/save/Donald.E.Lippi/data/grid_spec.nest02.nc
DSWRFsfc: Plotting forecast hour 000 valid 2017080700Z
_______________________________________________________________
Start Epilogue v4.0-ad-2017.03.14 Wed Aug 30 14:04:51 UTC 2017 
=====================================
Peak memory usage summary:
  min =      64492  KB
  ave =     976354  KB
  max =    3711384  KB

All nodes sorted by nodelist order: (memory usage in KB)
          % of      user        user          user         total       total
Node      limit     max         limit        current      current      phys
t0347      5.8     3711384     63578112        81552      1208088     65856652 
t0348      0.1       64492     63578112        60412      1171396     65856652 
t0350      0.1       64668     63578112        60560      1260732     65856652 
t0357      0.1       64872     63578112        60448      1122508     65856652 
=====================================
Job 26684310.bqs3 finished for user Donald.E.Lippi in queue debug with exit code 0
Node Access Status = SINGLEJOB
No OOM errors or BUG(s) found.  All nodes OK.
Statistics  cput=00:00:22,energy_used=0,mem=641580kb,vmem=4605272kb,walltime=00:00:38
End Epilogue v4.0-ad-2017.03.14 Wed Aug 30 14:04:54 UTC 2017
_______________________________________________________________
Start Prologue v4.0-ad-2017.03.14 Wed Aug 30 14:07:09 UTC 2017 on Mother Superior(head node): t1070
Node Access Status = SINGLEJOB
Job 26684336.bqs3 started for user Donald.E.Lippi in queue debug
======= Running Sanity Checks =======
----------------
t1070
----------------
PASS!
=======  Ended Sanity Checks  =======
End Prologue v4.0-ad-2017.03.14 Wed Aug 30 14:07:18 UTC 2017 
_______________________________________________________________

Welcome to Theia
  This system is Cray CS400 Linux Cluster

Update History:

  Version: v4.0-ad-2017.03.14
    -- Included other informational messages to
       better identify anomalies and provide
       additional troubleshooting info.

  Version: v3.5-ad-2017.02.23
    -- Modified prologue for RHEL7 cmem clearing

  Version: v3.3-ad-2016.04.08
    -- Added cach clearing before streams check
       to eliminate potential false positives

type:
  module avail
  for various Available Modules

_______________________________________________________
Warning: no access to tty (Bad file descriptor).
Thus no job control in this shell.
Lmod has detected the following error: Cannot load module "anaconda/2.3.0". At
least one of these module(s) must be loaded:
   intel

While processing the following module(s):
    Module fullname  Module Filename
    ---------------  ---------------
    anaconda/2.3.0   /contrib/modulefiles/anaconda/2.3.0

PYTHONPATH: Undefined variable.
Traceback (most recent call last):
  File "/var/spool/torque/mom_priv/jobs/26684336.bqs3.SC", line 11, in <module>
    import matplotlib.pyplot as plt
ImportError: No module named matplotlib.pyplot
_______________________________________________________________
Start Epilogue v4.0-ad-2017.03.14 Wed Aug 30 14:07:27 UTC 2017 
=====================================
Peak memory usage summary:
  min =     173012  KB
  ave =     173012  KB
  max =     173012  KB

All nodes sorted by nodelist order: (memory usage in KB)
          % of      user        user          user         total       total
Node      limit     max         limit        current      current      phys
t1070      0.3      173012     63578112        79436      1314272     65856652 
=====================================
Job 26684336.bqs3 finished for user Donald.E.Lippi in queue debug with exit code 1
Node Access Status = SINGLEJOB
No OOM errors or BUG(s) found.  All nodes OK.
Statistics  cput=00:00:00,energy_used=0,mem=55348kb,vmem=543812kb,walltime=00:00:01
End Epilogue v4.0-ad-2017.03.14 Wed Aug 30 14:07:29 UTC 2017
_______________________________________________________________
Start Prologue v4.0-ad-2017.03.14 Wed Aug 30 14:08:18 UTC 2017 on Mother Superior(head node): t0390
Node Access Status = SINGLEJOB
Job 26684342.bqs3 started for user Donald.E.Lippi in queue debug
======= Running Sanity Checks =======
----------------
t0390
----------------
PASS!
=======  Ended Sanity Checks  =======
End Prologue v4.0-ad-2017.03.14 Wed Aug 30 14:08:30 UTC 2017 
_______________________________________________________________

Welcome to Theia
  This system is Cray CS400 Linux Cluster

Update History:

  Version: v4.0-ad-2017.03.14
    -- Included other informational messages to
       better identify anomalies and provide
       additional troubleshooting info.

  Version: v3.5-ad-2017.02.23
    -- Modified prologue for RHEL7 cmem clearing

  Version: v3.3-ad-2016.04.08
    -- Added cach clearing before streams check
       to eliminate potential false positives

type:
  module avail
  for various Available Modules

_______________________________________________________
Warning: no access to tty (Bad file descriptor).
Thus no job control in this shell.
Reading /scratch4/NCEPDEV/meso/save/Donald.E.Lippi/data/nggps2d.nest02.nc
Reading /scratch4/NCEPDEV/meso/save/Donald.E.Lippi/data/grid_spec.nest02.nc
DSWRFsfc: Plotting forecast hour 000 valid 2017080700Z
_______________________________________________________________
Start Epilogue v4.0-ad-2017.03.14 Wed Aug 30 14:09:07 UTC 2017 
=====================================
Peak memory usage summary:
  min =    3536148  KB
  ave =    3536148  KB
  max =    3536148  KB

All nodes sorted by nodelist order: (memory usage in KB)
          % of      user        user          user         total       total
Node      limit     max         limit        current      current      phys
t0390      5.6     3536148     63578112        78016      1189124     65856652 
=====================================
Job 26684342.bqs3 finished for user Donald.E.Lippi in queue debug with exit code 0
Node Access Status = SINGLEJOB
No OOM errors or BUG(s) found.  All nodes OK.
Statistics  cput=00:00:22,energy_used=0,mem=886096kb,vmem=4539452kb,walltime=00:00:32
End Epilogue v4.0-ad-2017.03.14 Wed Aug 30 14:09:10 UTC 2017
_______________________________________________________________
Start Prologue v4.0-ad-2017.03.14 Wed Aug 30 14:18:28 UTC 2017 on Mother Superior(head node): t0034
Node Access Status = SINGLEJOB
Job 26684441.bqs3 started for user Donald.E.Lippi in queue debug
======= Running Sanity Checks =======
----------------
t0034
----------------
PASS!
=======  Ended Sanity Checks  =======
End Prologue v4.0-ad-2017.03.14 Wed Aug 30 14:18:36 UTC 2017 
_______________________________________________________________

Welcome to Theia
  This system is Cray CS400 Linux Cluster

Update History:

  Version: v4.0-ad-2017.03.14
    -- Included other informational messages to
       better identify anomalies and provide
       additional troubleshooting info.

  Version: v3.5-ad-2017.02.23
    -- Modified prologue for RHEL7 cmem clearing

  Version: v3.3-ad-2016.04.08
    -- Added cach clearing before streams check
       to eliminate potential false positives

type:
  module avail
  for various Available Modules

_______________________________________________________
Warning: no access to tty (Bad file descriptor).
Thus no job control in this shell.
Reading /scratch4/NCEPDEV/meso/save/Donald.E.Lippi/data/nggps2d.nest02.nc
Reading /scratch4/NCEPDEV/meso/save/Donald.E.Lippi/data/grid_spec.nest02.nc
DSWRFsfc: Plotting forecast hour 000 valid 2017080700Z
_______________________________________________________________
Start Epilogue v4.0-ad-2017.03.14 Wed Aug 30 14:19:29 UTC 2017 
=====================================
Peak memory usage summary:
  min =    3501616  KB
  ave =    3501616  KB
  max =    3501616  KB

All nodes sorted by nodelist order: (memory usage in KB)
          % of      user        user          user         total       total
Node      limit     max         limit        current      current      phys
t0034      5.5     3501616     63578112        78984      1251688     65856652 
=====================================
Job 26684441.bqs3 finished for user Donald.E.Lippi in queue debug with exit code 0
Node Access Status = SINGLEJOB
No OOM errors or BUG(s) found.  All nodes OK.
Statistics  cput=00:00:22,energy_used=0,mem=2480120kb,vmem=22705832kb,walltime=00:00:44
End Epilogue v4.0-ad-2017.03.14 Wed Aug 30 14:19:32 UTC 2017
_______________________________________________________________
Start Prologue v4.0-ad-2017.03.14 Wed Aug 30 14:20:41 UTC 2017 on Mother Superior(head node): t1188
Node Access Status = SINGLEJOB
Job 26684468.bqs3 started for user Donald.E.Lippi in queue debug
======= Running Sanity Checks =======
----------------
t1188
----------------
PASS!
=======  Ended Sanity Checks  =======
End Prologue v4.0-ad-2017.03.14 Wed Aug 30 14:20:49 UTC 2017 
_______________________________________________________________

Welcome to Theia
  This system is Cray CS400 Linux Cluster

Update History:

  Version: v4.0-ad-2017.03.14
    -- Included other informational messages to
       better identify anomalies and provide
       additional troubleshooting info.

  Version: v3.5-ad-2017.02.23
    -- Modified prologue for RHEL7 cmem clearing

  Version: v3.3-ad-2016.04.08
    -- Added cach clearing before streams check
       to eliminate potential false positives

type:
  module avail
  for various Available Modules

_______________________________________________________
Warning: no access to tty (Bad file descriptor).
Thus no job control in this shell.
Lmod has detected the following error: Cannot load module "anaconda/2.3.0". At
least one of these module(s) must be loaded:
   intel

While processing the following module(s):
    Module fullname  Module Filename
    ---------------  ---------------
    anaconda/2.3.0   /contrib/modulefiles/anaconda/2.3.0

PYTHONPATH: Undefined variable.
Traceback (most recent call last):
  File "/var/spool/torque/mom_priv/jobs/26684468.bqs3.SC", line 11, in <module>
    import matplotlib.pyplot as plt
ImportError: No module named matplotlib.pyplot
_______________________________________________________________
Start Epilogue v4.0-ad-2017.03.14 Wed Aug 30 14:20:59 UTC 2017 
=====================================
Peak memory usage summary:
  min =     175156  KB
  ave =     175156  KB
  max =     175156  KB

All nodes sorted by nodelist order: (memory usage in KB)
          % of      user        user          user         total       total
Node      limit     max         limit        current      current      phys
t1188      0.3      175156     63578112        83420      1267644     65856692 
=====================================
Job 26684468.bqs3 finished for user Donald.E.Lippi in queue debug with exit code 1
Node Access Status = SINGLEJOB
No OOM errors or BUG(s) found.  All nodes OK.
Statistics  cput=00:00:00,energy_used=0,mem=0kb,vmem=0kb,walltime=00:00:01
End Epilogue v4.0-ad-2017.03.14 Wed Aug 30 14:21:02 UTC 2017
_______________________________________________________________
Start Prologue v4.0-ad-2017.03.14 Wed Aug 30 14:21:13 UTC 2017 on Mother Superior(head node): t0814
Node Access Status = SINGLEJOB
Job 26684469.bqs3 started for user Donald.E.Lippi in queue debug
======= Running Sanity Checks =======
----------------
t0814
----------------
PASS!
=======  Ended Sanity Checks  =======
End Prologue v4.0-ad-2017.03.14 Wed Aug 30 14:21:21 UTC 2017 
_______________________________________________________________

Welcome to Theia
  This system is Cray CS400 Linux Cluster

Update History:

  Version: v4.0-ad-2017.03.14
    -- Included other informational messages to
       better identify anomalies and provide
       additional troubleshooting info.

  Version: v3.5-ad-2017.02.23
    -- Modified prologue for RHEL7 cmem clearing

  Version: v3.3-ad-2016.04.08
    -- Added cach clearing before streams check
       to eliminate potential false positives

type:
  module avail
  for various Available Modules

_______________________________________________________
Warning: no access to tty (Bad file descriptor).
Thus no job control in this shell.
Reading /scratch4/NCEPDEV/meso/save/Donald.E.Lippi/data/nggps2d.nest02.nc
Reading /scratch4/NCEPDEV/meso/save/Donald.E.Lippi/data/grid_spec.nest02.nc
DSWRFsfc: Plotting forecast hour 000 valid 2017080700Z
_______________________________________________________________
Start Epilogue v4.0-ad-2017.03.14 Wed Aug 30 14:22:09 UTC 2017 
=====================================
Peak memory usage summary:
  min =    3987848  KB
  ave =    3987848  KB
  max =    3987848  KB

All nodes sorted by nodelist order: (memory usage in KB)
          % of      user        user          user         total       total
Node      limit     max         limit        current      current      phys
t0814      6.3     3987848     63578112        79984      1176792     65856652 
=====================================
Job 26684469.bqs3 finished for user Donald.E.Lippi in queue debug with exit code 0
Node Access Status = SINGLEJOB
No OOM errors or BUG(s) found.  All nodes OK.
Statistics  cput=00:00:22,energy_used=0,mem=1608728kb,vmem=4539452kb,walltime=00:00:39
End Epilogue v4.0-ad-2017.03.14 Wed Aug 30 14:22:11 UTC 2017
_______________________________________________________________
Start Prologue v4.0-ad-2017.03.14 Wed Aug 30 16:50:16 UTC 2017 on Mother Superior(head node): t0098
Node Access Status = SINGLEJOB
Job 26687009.bqs3 started for user Donald.E.Lippi in queue debug
======= Running Sanity Checks =======
----------------
t0098
----------------
PASS!
=======  Ended Sanity Checks  =======
End Prologue v4.0-ad-2017.03.14 Wed Aug 30 16:50:24 UTC 2017 
_______________________________________________________________

Welcome to Theia
  This system is Cray CS400 Linux Cluster

Update History:

  Version: v4.0-ad-2017.03.14
    -- Included other informational messages to
       better identify anomalies and provide
       additional troubleshooting info.

  Version: v3.5-ad-2017.02.23
    -- Modified prologue for RHEL7 cmem clearing

  Version: v3.3-ad-2016.04.08
    -- Added cach clearing before streams check
       to eliminate potential false positives

type:
  module avail
  for various Available Modules

_______________________________________________________
Warning: no access to tty (Bad file descriptor).
Thus no job control in this shell.
Reading /scratch4/NCEPDEV/meso/save/Donald.E.Lippi/data/nggps2d.nest02.nc
Reading /scratch4/NCEPDEV/meso/save/Donald.E.Lippi/data/grid_spec.nest02.nc
Traceback (most recent call last):
  File "/var/spool/torque/mom_priv/jobs/26687009.bqs3.SC", line 576, in <module>
    pool.map(mkplot,varnames)
  File "/contrib/anaconda/2.3.0/lib/python2.7/multiprocessing/pool.py", line 251, in map
    return self.map_async(func, iterable, chunksize).get()
  File "/contrib/anaconda/2.3.0/lib/python2.7/multiprocessing/pool.py", line 567, in get
    raise self._value
NameError: global name 'datestr' is not defined
_______________________________________________________________
Start Epilogue v4.0-ad-2017.03.14 Wed Aug 30 16:50:38 UTC 2017 
=====================================
Peak memory usage summary:
  min =     245948  KB
  ave =     245948  KB
  max =     245948  KB

All nodes sorted by nodelist order: (memory usage in KB)
          % of      user        user          user         total       total
Node      limit     max         limit        current      current      phys
t0098      0.4      245948     63578112        79296      1284052     65856648 
=====================================
Job 26687009.bqs3 finished for user Donald.E.Lippi in queue debug with exit code 1
Node Access Status = SINGLEJOB
No OOM errors or BUG(s) found.  All nodes OK.
Statistics  cput=00:00:01,energy_used=0,mem=0kb,vmem=0kb,walltime=00:00:05
End Epilogue v4.0-ad-2017.03.14 Wed Aug 30 16:50:40 UTC 2017
_______________________________________________________________
Start Prologue v4.0-ad-2017.03.14 Wed Aug 30 16:51:22 UTC 2017 on Mother Superior(head node): t1130
Node Access Status = SINGLEJOB
Job 26687011.bqs3 started for user Donald.E.Lippi in queue debug
======= Running Sanity Checks =======
----------------
t1130
----------------
PASS!
=======  Ended Sanity Checks  =======
End Prologue v4.0-ad-2017.03.14 Wed Aug 30 16:51:30 UTC 2017 
_______________________________________________________________

Welcome to Theia
  This system is Cray CS400 Linux Cluster

Update History:

  Version: v4.0-ad-2017.03.14
    -- Included other informational messages to
       better identify anomalies and provide
       additional troubleshooting info.

  Version: v3.5-ad-2017.02.23
    -- Modified prologue for RHEL7 cmem clearing

  Version: v3.3-ad-2016.04.08
    -- Added cach clearing before streams check
       to eliminate potential false positives

type:
  module avail
  for various Available Modules

_______________________________________________________
Warning: no access to tty (Bad file descriptor).
Thus no job control in this shell.
Lmod has detected the following error: Cannot load module "anaconda/2.3.0". At
least one of these module(s) must be loaded:
   intel

While processing the following module(s):
    Module fullname  Module Filename
    ---------------  ---------------
    anaconda/2.3.0   /contrib/modulefiles/anaconda/2.3.0

PYTHONPATH: Undefined variable.
Traceback (most recent call last):
  File "/var/spool/torque/mom_priv/jobs/26687011.bqs3.SC", line 11, in <module>
    import matplotlib.pyplot as plt
ImportError: No module named matplotlib.pyplot
_______________________________________________________________
Start Epilogue v4.0-ad-2017.03.14 Wed Aug 30 16:51:40 UTC 2017 
=====================================
Peak memory usage summary:
  min =     173656  KB
  ave =     173656  KB
  max =     173656  KB

All nodes sorted by nodelist order: (memory usage in KB)
          % of      user        user          user         total       total
Node      limit     max         limit        current      current      phys
t1130      0.3      173656     63578112        79092      1213472     65856692 
=====================================
Job 26687011.bqs3 finished for user Donald.E.Lippi in queue debug with exit code 1
Node Access Status = SINGLEJOB
No OOM errors or BUG(s) found.  All nodes OK.
Statistics  cput=00:00:00,energy_used=0,mem=0kb,vmem=0kb,walltime=00:00:01
End Epilogue v4.0-ad-2017.03.14 Wed Aug 30 16:51:42 UTC 2017
_______________________________________________________________
